INFO:Server:Server is listening...
INFO:Server:Client bastian  Bastian Küppers registered.
INFO:Person:Registered.
INFO:Server:Client eifert  THOMAS EIFERT registered.
INFO:Person:Registered.
INFO:Person:From bastian received message: [HELLO THOMAS]
INFO:Server:Client bank  John Rockefeller registered.
INFO:Bank:Registered.
INFO:Person:From eifert received message: [HELLO BASTIAN 2]
INFO:Person:Message delivered to bastian with response None
INFO:Person:Message delivered to eifert with response None
INFO:Bank:From bastian received message: ADD [account1] [account2] [100]
INFO:Bank:Requesting authentication from bastian
INFO:Bank:From bastian received message: SUB [account2] [100]
INFO:Bank:Requesting authentication from bastian
INFO:Person:Requested to authenticate by bank
INFO:Person:Responded to authentication request by bank
INFO:Bank:Message delivered to bastian with response Vv67lTELocpTsXWFaO4EPQtAfWyj+7DI9+GqgeHlFxHtFLOp+sFivDU3Yx3DHVquz6WIGLiHzy27JGaKYD2MG6J/KHEKxtp4mtnM8uCdNbxazYQtXpDiqpHEIohibRt+GLj1vvkT/EjkxYVkQR7O0jUC71Qf6hIC02g/VXpsUYBRq9EOqCPFItiWTcnhbMY/z4W9NipRaha0o7lWmwF1o+QfSkPokqvJ3aqPrUKwG9/bzRXSsX/6ezE4/vJ/6nv0ot9kk2tsojbhYzgavKtHaVTfjz4eJSnJHoCRUMV6LDI5Ndb2ww7C4zMsrZsJE1Ii1YkC77H10PcFrmNQbW3huF0EjiZi2Zc9awYjV7qyrljRgdS6PByjLoz3j/cvo8zjoTFjOROnu4VVKQEWwEgIRMWr2WOVI6nsT4PE6Gw8OU48JFV8LOUGaJgFYS9ZELpSn4gbldOIxEf3NN5A5Q2OShherj2f3hGJU1H8cMul0Ol8Jc44cHDjufhtvfqViqJePw4MbuidHIgQSt/fOfc7ujdz4hZGNV3QnIxG9vs+h7JKVjacGfYa9EDs/JLxx1Xi4YrOqtzEkMhdPOEksnxarBeccA6pqt6D5wx2kXLmMhm7JMtRZKBQSLbbE13t5L6o/jaakTr87bvG2itIfn1q+4o/8mPKYyC1CXmDhvl6GBM=
INFO:Bank:Authenticated: bastian
INFO:Bank:Person bastian requested to move 100 from account account1 to account account2.
INFO:Bank:Requesting authorization from bastian to account1
INFO:Bank:Person bastian is authorized by org organization1 to ADD on account1 account.
INFO:Person:Requested to authenticate by bank
INFO:Person:Responded to authentication request by bank
INFO:Bank:New balance: 700 on account account1.
INFO:Bank:Message delivered to bastian with response GBcow6eG10XpKTIeHi+y3TvtzZ2PeH3O31LJsGtRpzfaeI3h+1MKhFk9aK5h+K8SO/AaHk3+7FBxsxVSPIqPyM7tatvr07iZztaAzMdTdWQLdW345rzeBKI0eZxEMlUQE79Ovmgc23wLIlBRD5kdQnrwqX9WllAhzTYvDJZC8dVe63bqFBOYTQJxkZLlWG1WLOxlVxmOk9GI/VmJ7no+PzQqXmzeGRznT+uyAfShjwwsm1waFx5XDJodiNvOna8xk1Z6aKUuO8yofb9E/4IOOnMyj838wTEZRqBCEol4g2B+9l9d/8J2p92eex4qPRm/EwIW1YB57sbKaqcaVWhJSxFsnekq29CoN5d/h1Rnupf/e5XpMaptd29B6BTSk0Kmitrio0QpO9MTa6Lt1/FClEqA3F6bUbqByPG/gt+iBaaOyb8Orf4jXiKFafBrJW9gjTx0CV4xsnIO1g6oRZnRvI1ARU2j3B7/fFIzU5T0q97Y/VHBFkQJ4TBDU/xZVuATCCMwWnM9g6kJy/C5xgOaKiCusH2BFjv4PufRvclh71s6u35/qSxJkIHawPy55tDvg2uKdl2dMSKH/RQTpY7zkEPwBOfBzGc/a9yKi6IML0RsOjrWsVUZ442A8AOFKjKAUOqwNi2aiT9wrfnwX2lmZBV8/mkFJAi7+jym8HA2jok=
INFO:Person:Message delivered to bank with response None
INFO:Bank:Authenticated: bastian
INFO:Bank:Person bastian requested to withdraw 100 from account account2.
INFO:Bank:Requesting authorization from bastian to account2
INFO:Bank:Person bastian authorized to manage account2 as their personal account.
INFO:Bank:New balance: 1000 on account account2.
INFO:Person:Message delivered to bank with response None
INFO:Person:Client closed due to limited duration.
INFO:Server:Client bastian deregistered.
INFO:Person:Client closed due to limited duration.
INFO:Server:Client eifert deregistered.
INFO:Bank:Client closed due to limited duration.
INFO:Server:Client bank deregistered.
